<testng-results>
  <reporter-output>
  </reporter-output>
  <suite name="org.gatein.myuitest.ImageChangeTest" duration-ms="52976" started-at="2012-08-13T13:34:59Z" finished-at="2012-08-13T13:35:52Z">
    <groups>
      <group name="common">
        <method signature="org.gatein.myuitest.ImageChangeTest.imageChangeTest()" name="imageChangeTest" class="org.gatein.myuitest.ImageChangeTest"/>
      </group>
      <group name="epp5.0">
        <method signature="org.gatein.myuitest.ImageChangeTest.imageChangeTest()" name="imageChangeTest" class="org.gatein.myuitest.ImageChangeTest"/>
      </group>
    </groups>
    <test name="Command line test" duration-ms="52976" started-at="2012-08-13T13:34:59Z" finished-at="2012-08-13T13:35:52Z">
      <class name="org.gatein.myuitest.ImageChangeTest">
        <test-method status="PASS" signature="setUp()" name="setUp" is-config="true" duration-ms="4085" started-at="2012-08-13T13:34:59Z" finished-at="2012-08-13T13:35:03Z">
        </test-method>
        <test-method status="PASS" signature="imageChangeTest()" name="imageChangeTest" duration-ms="48817" started-at="2012-08-13T13:35:03Z" finished-at="2012-08-13T13:35:52Z">
        </test-method>
        <test-method status="PASS" signature="tearDown()" name="tearDown" is-config="true" duration-ms="69" started-at="2012-08-13T13:35:52Z" finished-at="2012-08-13T13:35:52Z">
        </test-method>
      </class>
    </test>
  </suite>
</testng-results>
